#
# There is insufficient memory for the Java Runtime Environment to continue.
# Native memory allocation (mmap) failed to map 27262976 bytes for Failed to commit area from 0x0000000088000000 to 0x0000000089a00000 of length 27262976.
# Possible reasons:
#   The system is out of physical RAM or swap space
#   The process is running with CompressedOops enabled, and the Java Heap may be blocking the growth of the native heap
# Possible solutions:
#   Reduce memory load on the system
#   Increase physical memory or swap space
#   Check if swap backing store is full
#   Decrease Java heap size (-Xmx/-Xms)
#   Decrease number of Java threads
#   Decrease Java thread stack sizes (-Xss)
#   Set larger code cache with -XX:ReservedCodeCacheSize=
#   JVM is running with Unscaled Compressed Oops mode in which the Java heap is
#     placed in the first 4GB address space. The Java Heap base address is the
#     maximum limit for the native heap growth. Please use -XX:HeapBaseMinAddress
#     to set the Java Heap base and to place the Java Heap above 4GB virtual address.
# This output file may be truncated or incomplete.
#
#  Out of Memory Error (./src/hotspot/os/windows/os_windows.cpp:3521), pid=16380, tid=4332
#
# JRE version: OpenJDK Runtime Environment (11.0.12+7) (build 11.0.12+7-b1504.28-7817840)
# Java VM: OpenJDK 64-Bit Server VM (11.0.12+7-b1504.28-7817840, mixed mode, tiered, compressed oops, g1 gc, windows-amd64)
# No core dump will be written. Minidumps are not enabled by default on client versions of Windows
#

---------------  S U M M A R Y ------------

Command Line: --add-opens=java.base/java.util=ALL-UNNAMED --add-opens=java.base/java.lang=ALL-UNNAMED --add-opens=java.base/java.lang.invoke=ALL-UNNAMED --add-opens=java.base/java.util=ALL-UNNAMED --add-opens=java.prefs/java.util.prefs=ALL-UNNAMED --add-opens=java.prefs/java.util.prefs=ALL-UNNAMED --add-opens=java.base/java.nio.charset=ALL-UNNAMED --add-opens=java.base/java.net=ALL-UNNAMED --add-opens=java.base/java.util.concurrent.atomic=ALL-UNNAMED -Xmx2048m -Dfile.encoding=UTF-8 -Duser.country=RU -Duser.language=ru -Duser.variant org.gradle.launcher.daemon.bootstrap.GradleDaemon 7.3.3

Host: Intel(R) Core(TM) i3-10100 CPU @ 3.60GHz, 8 cores, 7G,  Windows 10 , 64 bit Build 19041 (10.0.19041.1865)
Time: Tue Aug 16 13:44:22 2022 Западная Азия (зима) elapsed time: 9.167324 seconds (0d 0h 0m 9s)

---------------  T H R E A D  ---------------

Current thread (0x000001f2fa2de000):  VMThread "VM Thread" [stack: 0x0000008f76700000,0x0000008f76800000] [id=4332]

Stack: [0x0000008f76700000,0x0000008f76800000]
[error occurred during error reporting (printing stack bounds), id 0xc0000005, EXCEPTION_ACCESS_VIOLATION (0xc0000005) at pc=0x000001f2e324112d]

Native frames: (J=compiled Java code, j=interpreted, Vv=VM code, C=native code)
V  [jvm.dll+0x5fbcea]
V  [jvm.dll+0x731905]
V  [jvm.dll+0x732f1d]
V  [jvm.dll+0x733535]
V  [jvm.dll+0x7334eb]
V  [jvm.dll+0x5fb080]
V  [jvm.dll+0x5fb818]
C  [ntdll.dll+0xa229f]
C  [ntdll.dll+0x51454]
C  [ntdll.dll+0xa0dce]
C  0x000001f2e324112d

VM_Operation (0x0000008f77af12a0): G1CollectForAllocation, mode: safepoint, requested by thread 0x000001f2fe084800


---------------  P R O C E S S  ---------------

Threads class SMR info:
_java_thread_list=0x000001f2fb16c110, length=122, elements={
0x000001f2df72c000, 0x000001f2fa2e1000, 0x000001f2fa2e2800, 0x000001f2fac89000,
0x000001f2fac8a000, 0x000001f2fac8b800, 0x000001f2fac91000, 0x000001f2fa300800,
0x000001f2fa30a000, 0x000001f2faddf800, 0x000001f2fd2c9800, 0x000001f2fbc94000,
0x000001f2fc55a800, 0x000001f2fcf2f000, 0x000001f2fd06e000, 0x000001f2fe0eb000,
0x000001f2fe084800, 0x000001f2fcc73000, 0x000001f2fe46b800, 0x000001f2fd640800,
0x000001f2fd63d000, 0x000001f2fd63e000, 0x000001f2fd641000, 0x000001f2fd63c000,
0x000001f2fd63f800, 0x000001f2fd63e800, 0x000001f2fd63b800, 0x000001f2fd642000,
0x000001f2fe741000, 0x000001f2fe73c800, 0x000001f2fe742000, 0x000001f2fe73f000,
0x000001f2fe745800, 0x000001f2fe740800, 0x000001f2fe743000, 0x000001f2fe73f800,
0x000001f2fe2bb800, 0x000001f2fe746000, 0x000001f2fe749800, 0x000001f2fe743800,
0x000001f2fe747000, 0x000001f2fe748000, 0x000001f2fe74a000, 0x000001f2fe748800,
0x000001f2fe74b000, 0x000001f2fdbbd000, 0x000001f2fdbbe000, 0x000001f2fdbbe800,
0x000001f2fdbbc000, 0x000001f2fdbc2800, 0x000001f2fdbc1000, 0x000001f2fdbc2000,
0x000001f2fdbc3800, 0x000001f2fdbbf800, 0x000001f2fdbc4800, 0x000001f2fdbc5000,
0x000001f2fdbc6000, 0x000001f2fdbc0000, 0x000001f2fdbc9000, 0x000001f2fdbc6800,
0x000001f2fdbc7800, 0x000001f2fdbcb000, 0x000001f2fdbc8800, 0x000001f2fdbca000,
0x000001f281ba2800, 0x000001f281ba1000, 0x000001f281b9c800, 0x000001f281b9d800,
0x000001f281ba3000, 0x000001f281ba0000, 0x000001f281b9e800, 0x000001f281ba4000,
0x000001f281ba1800, 0x000001f281ba5000, 0x000001f281b9f000, 0x000001f281ba6800,
0x000001f281baa800, 0x000001f281baa000, 0x000001f281bab800, 0x000001f281ba7800,
0x000001f281ba8000, 0x000001f281ba5800, 0x000001f281ba9000, 0x000001f281540000,
0x000001f28153d800, 0x000001f28153e800, 0x000001f281541800, 0x000001f281541000,
0x000001f28153f000, 0x000001f281545800, 0x000001f281542800, 0x000001f281544000,
0x000001f281546800, 0x000001f281549000, 0x000001f281543000, 0x000001f281547800,
0x000001f28154a000, 0x000001f28154a800, 0x000001f281548000, 0x000001f281545000,
0x000001f28154b800, 0x000001f28154c000, 0x000001f281a3b800, 0x000001f281a36000,
0x000001f281a3c800, 0x000001f281a37000, 0x000001f281a3d800, 0x000001f281a37800,
0x000001f281a3e000, 0x000001f281a38800, 0x000001f281a3f000, 0x000001f281a39800,
0x000001f281a3a000, 0x000001f281a3b000, 0x000001f281a43000, 0x000001f281a44800,
0x000001f281a42000, 0x000001f281a40000, 0x000001f281a40800, 0x000001f281a41800,
0x000001f281a44000, 0x000001f281b84000
}

Java Threads: ( => current thread )
  0x000001f2df72c000 JavaThread "main" [_thread_blocked, id=9884, stack(0x0000008f76100000,0x0000008f76200000)]
  0x000001f2fa2e1000 JavaThread "Reference Handler" daemon [_thread_blocked, id=7664, stack(0x0000008f76800000,0x0000008f76900000)]
  0x000001f2fa2e2800 JavaThread "Finalizer" daemon [_thread_blocked, id=13364, stack(0x0000008f76900000,0x0000008f76a00000)]
  0x000001f2fac89000 JavaThread "Signal Dispatcher" daemon [_thread_blocked, id=6104, stack(0x0000008f76a00000,0x0000008f76b00000)]
  0x000001f2fac8a000 JavaThread "Attach Listener" daemon [_thread_blocked, id=13796, stack(0x0000008f76b00000,0x0000008f76c00000)]
  0x000001f2fac8b800 JavaThread "Service Thread" daemon [_thread_blocked, id=6528, stack(0x0000008f76c00000,0x0000008f76d00000)]
  0x000001f2fac91000 JavaThread "C2 CompilerThread0" daemon [_thread_blocked, id=17716, stack(0x0000008f76d00000,0x0000008f76e00000)]
  0x000001f2fa300800 JavaThread "C1 CompilerThread0" daemon [_thread_blocked, id=16588, stack(0x0000008f76e00000,0x0000008f76f00000)]
  0x000001f2fa30a000 JavaThread "Sweeper thread" daemon [_thread_blocked, id=16344, stack(0x0000008f76f00000,0x0000008f77000000)]
  0x000001f2faddf800 JavaThread "Common-Cleaner" daemon [_thread_blocked, id=15276, stack(0x0000008f77000000,0x0000008f77100000)]
  0x000001f2fd2c9800 JavaThread "Daemon health stats" [_thread_blocked, id=15636, stack(0x0000008f77500000,0x0000008f77600000)]
  0x000001f2fbc94000 JavaThread "Incoming local TCP Connector on port 10238" [_thread_in_native, id=13984, stack(0x0000008f77400000,0x0000008f77500000)]
  0x000001f2fc55a800 JavaThread "Daemon periodic checks" [_thread_blocked, id=5112, stack(0x0000008f77600000,0x0000008f77700000)]
  0x000001f2fcf2f000 JavaThread "Daemon" [_thread_blocked, id=4736, stack(0x0000008f77700000,0x0000008f77800000)]
  0x000001f2fd06e000 JavaThread "Handler for socket connection from /127.0.0.1:10238 to /127.0.0.1:10239" [_thread_in_native, id=14600, stack(0x0000008f77800000,0x0000008f77900000)]
  0x000001f2fe0eb000 JavaThread "Cancel handler" [_thread_blocked, id=12948, stack(0x0000008f77900000,0x0000008f77a00000)]
  0x000001f2fe084800 JavaThread "Daemon worker" [_thread_blocked, id=11144, stack(0x0000008f77a00000,0x0000008f77b00000)]
  0x000001f2fcc73000 JavaThread "Asynchronous log dispatcher for DefaultDaemonConnection: socket connection from /127.0.0.1:10238 to /127.0.0.1:10239" [_thread_blocked, id=14252, stack(0x0000008f77b00000,0x0000008f77c00000)]
  0x000001f2fe46b800 JavaThread "Stdin handler" [_thread_blocked, id=13176, stack(0x0000008f77c00000,0x0000008f77d00000)]
  0x000001f2fd640800 JavaThread "Daemon client event forwarder" [_thread_blocked, id=16908, stack(0x0000008f77d00000,0x0000008f77e00000)]
  0x000001f2fd63d000 JavaThread "Cache worker for journal cache (C:\Users\Turonbank\.gradle\caches\journal-1)" [_thread_blocked, id=15680, stack(0x0000008f78300000,0x0000008f78400000)]
  0x000001f2fd63e000 JavaThread "File lock request listener" [_thread_in_native, id=6328, stack(0x0000008f78400000,0x0000008f78500000)]
  0x000001f2fd641000 JavaThread "Cache worker for file hash cache (C:\Users\Turonbank\.gradle\caches\7.3.3\fileHashes)" [_thread_blocked, id=13428, stack(0x0000008f78500000,0x0000008f78600000)]
  0x000001f2fd63c000 JavaThread "Cache worker for file hash cache (C:\Users\Turonbank\AndroidStudioProjects\InstaClone\.gradle\7.3.3\fileHashes)" [_thread_blocked, id=13256, stack(0x0000008f78700000,0x0000008f78800000)]
  0x000001f2fd63f800 JavaThread "File watcher server" daemon [_thread_in_native, id=18096, stack(0x0000008f78800000,0x0000008f78900000)]
  0x000001f2fd63e800 JavaThread "File watcher consumer" daemon [_thread_blocked, id=16532, stack(0x0000008f78900000,0x0000008f78a00000)]
  0x000001f2fd63b800 JavaThread "Cache worker for checksums cache (C:\Users\Turonbank\AndroidStudioProjects\InstaClone\.gradle\7.3.3\checksums)" [_thread_blocked, id=7720, stack(0x0000008f78a00000,0x0000008f78b00000)]
  0x000001f2fd642000 JavaThread "Cache worker for cache directory md-supplier (C:\Users\Turonbank\.gradle\caches\7.3.3\md-supplier)" [_thread_blocked, id=13860, stack(0x0000008f78c00000,0x0000008f78d00000)]
  0x000001f2fe741000 JavaThread "Cache worker for cache directory md-rule (C:\Users\Turonbank\.gradle\caches\7.3.3\md-rule)" [_thread_blocked, id=17772, stack(0x0000008f78d00000,0x0000008f78e00000)]
  0x000001f2fe73c800 JavaThread "Cache worker for execution history cache (C:\Users\Turonbank\.gradle\caches\7.3.3\executionHistory)" [_thread_blocked, id=16428, stack(0x0000008f78e00000,0x0000008f78f00000)]
  0x000001f2fe742000 JavaThread "jar transforms" [_thread_blocked, id=18376, stack(0x0000008f79000000,0x0000008f79100000)]
  0x000001f2fe73f000 JavaThread "Cache worker for file content cache (C:\Users\Turonbank\.gradle\caches\7.3.3\fileContent)" [_thread_blocked, id=11304, stack(0x0000008f79100000,0x0000008f79200000)]
  0x000001f2fe745800 JavaThread "jar transforms Thread 2" [_thread_blocked, id=18400, stack(0x0000008f79200000,0x0000008f79300000)]
  0x000001f2fe740800 JavaThread "Cache worker for dependencies-accessors (C:\Users\Turonbank\AndroidStudioProjects\InstaClone\.gradle\7.3.3\dependencies-accessors)" [_thread_blocked, id=14512, stack(0x0000008f79300000,0x0000008f79400000)]
  0x000001f2fe743000 JavaThread "jar transforms Thread 3" [_thread_blocked, id=3632, stack(0x0000008f79400000,0x0000008f79500000)]
  0x000001f2fe73f800 JavaThread "Cache worker for Build Output Cleanup Cache (C:\Users\Turonbank\AndroidStudioProjects\InstaClone\.gradle\buildOutputCleanup)" [_thread_blocked, id=2528, stack(0x0000008f78b00000,0x0000008f78c00000)]
  0x000001f2fe2bb800 JavaThread "C2 CompilerThread1" daemon [_thread_blocked, id=3464, stack(0x0000008f78f00000,0x0000008f79000000)]
  0x000001f2fe746000 JavaThread "Unconstrained build operations" [_thread_blocked, id=13396, stack(0x0000008f79500000,0x0000008f79600000)]
  0x000001f2fe749800 JavaThread "Unconstrained build operations Thread 2" [_thread_blocked, id=13800, stack(0x0000008f79600000,0x0000008f79700000)]
  0x000001f2fe743800 JavaThread "Unconstrained build operations Thread 3" [_thread_blocked, id=12116, stack(0x0000008f79700000,0x0000008f79800000)]
  0x000001f2fe747000 JavaThread "Unconstrained build operations Thread 4" [_thread_blocked, id=13156, stack(0x0000008f79800000,0x0000008f79900000)]
  0x000001f2fe748000 JavaThread "Unconstrained build operations Thread 5" [_thread_blocked, id=5728, stack(0x0000008f79900000,0x0000008f79a00000)]
  0x000001f2fe74a000 JavaThread "Unconstrained build operations Thread 6" [_thread_blocked, id=17436, stack(0x0000008f79a00000,0x0000008f79b00000)]
  0x000001f2fe748800 JavaThread "Unconstrained build operations Thread 7" [_thread_blocked, id=16092, stack(0x0000008f79b00000,0x0000008f79c00000)]
  0x000001f2fe74b000 JavaThread "Unconstrained build operations Thread 8" [_thread_blocked, id=16312, stack(0x0000008f79c00000,0x0000008f79d00000)]
  0x000001f2fdbbd000 JavaThread "Unconstrained build operations Thread 9" [_thread_blocked, id=13900, stack(0x0000008f79d00000,0x0000008f79e00000)]
  0x000001f2fdbbe000 JavaThread "Unconstrained build operations Thread 10" [_thread_blocked, id=14108, stack(0x0000008f79e00000,0x0000008f79f00000)]
  0x000001f2fdbbe800 JavaThread "Unconstrained build operations Thread 11" [_thread_blocked, id=14240, stack(0x0000008f79f00000,0x0000008f7a000000)]
  0x000001f2fdbbc000 JavaThread "Unconstrained build operations Thread 12" [_thread_blocked, id=4144, stack(0x0000008f7a000000,0x0000008f7a100000)]
  0x000001f2fdbc2800 JavaThread "Unconstrained build operations Thread 13" [_thread_blocked, id=13524, stack(0x0000008f7a100000,0x0000008f7a200000)]
  0x000001f2fdbc1000 JavaThread "Unconstrained build operations Thread 14" [_thread_blocked, id=18000, stack(0x0000008f7a200000,0x0000008f7a300000)]
  0x000001f2fdbc2000 JavaThread "Unconstrained build operations Thread 15" [_thread_blocked, id=12676, stack(0x0000008f7a300000,0x0000008f7a400000)]
  0x000001f2fdbc3800 JavaThread "Unconstrained build operations Thread 16" [_thread_blocked, id=18232, stack(0x0000008f7a400000,0x0000008f7a500000)]
  0x000001f2fdbbf800 JavaThread "Unconstrained build operations Thread 17" [_thread_blocked, id=14256, stack(0x0000008f7a500000,0x0000008f7a600000)]
  0x000001f2fdbc4800 JavaThread "Unconstrained build operations Thread 18" [_thread_blocked, id=11464, stack(0x0000008f7a600000,0x0000008f7a700000)]
  0x000001f2fdbc5000 JavaThread "Unconstrained build operations Thread 19" [_thread_blocked, id=8436, stack(0x0000008f7a700000,0x0000008f7a800000)]
  0x000001f2fdbc6000 JavaThread "Unconstrained build operations Thread 20" [_thread_blocked, id=14184, stack(0x0000008f7a800000,0x0000008f7a900000)]
  0x000001f2fdbc0000 JavaThread "Unconstrained build operations Thread 21" [_thread_blocked, id=14204, stack(0x0000008f7a900000,0x0000008f7aa00000)]
  0x000001f2fdbc9000 JavaThread "Unconstrained build operations Thread 22" [_thread_blocked, id=5280, stack(0x0000008f7aa00000,0x0000008f7ab00000)]
  0x000001f2fdbc6800 JavaThread "Unconstrained build operations Thread 23" [_thread_blocked, id=10448, stack(0x0000008f7ab00000,0x0000008f7ac00000)]
  0x000001f2fdbc7800 JavaThread "Unconstrained build operations Thread 24" [_thread_blocked, id=11956, stack(0x0000008f7ac00000,0x0000008f7ad00000)]
  0x000001f2fdbcb000 JavaThread "Unconstrained build operations Thread 25" [_thread_blocked, id=10752, stack(0x0000008f7ad00000,0x0000008f7ae00000)]
  0x000001f2fdbc8800 JavaThread "Unconstrained build operations Thread 26" [_thread_blocked, id=12940, stack(0x0000008f7ae00000,0x0000008f7af00000)]
  0x000001f2fdbca000 JavaThread "Unconstrained build operations Thread 27" [_thread_blocked, id=7700, stack(0x0000008f7af00000,0x0000008f7b000000)]
  0x000001f281ba2800 JavaThread "Unconstrained build operations Thread 28" [_thread_blocked, id=6896, stack(0x0000008f7b000000,0x0000008f7b100000)]
  0x000001f281ba1000 JavaThread "Unconstrained build operations Thread 29" [_thread_blocked, id=3752, stack(0x0000008f7b100000,0x0000008f7b200000)]
  0x000001f281b9c800 JavaThread "Unconstrained build operations Thread 30" [_thread_blocked, id=3008, stack(0x0000008f7b200000,0x0000008f7b300000)]
  0x000001f281b9d800 JavaThread "Unconstrained build operations Thread 31" [_thread_blocked, id=14400, stack(0x0000008f7b300000,0x0000008f7b400000)]
  0x000001f281ba3000 JavaThread "Unconstrained build operations Thread 32" [_thread_blocked, id=6424, stack(0x0000008f7b400000,0x0000008f7b500000)]
  0x000001f281ba0000 JavaThread "Unconstrained build operations Thread 33" [_thread_blocked, id=13856, stack(0x0000008f7b500000,0x0000008f7b600000)]
  0x000001f281b9e800 JavaThread "Unconstrained build operations Thread 34" [_thread_blocked, id=15480, stack(0x0000008f7b600000,0x0000008f7b700000)]
  0x000001f281ba4000 JavaThread "Unconstrained build operations Thread 35" [_thread_blocked, id=17728, stack(0x0000008f7b700000,0x0000008f7b800000)]
  0x000001f281ba1800 JavaThread "Unconstrained build operations Thread 36" [_thread_blocked, id=15532, stack(0x0000008f7b800000,0x0000008f7b900000)]
  0x000001f281ba5000 JavaThread "Unconstrained build operations Thread 37" [_thread_blocked, id=17724, stack(0x0000008f7b900000,0x0000008f7ba00000)]
  0x000001f281b9f000 JavaThread "Unconstrained build operations Thread 38" [_thread_blocked, id=11224, stack(0x0000008f7ba00000,0x0000008f7bb00000)]
  0x000001f281ba6800 JavaThread "Unconstrained build operations Thread 39" [_thread_blocked, id=18228, stack(0x0000008f7bb00000,0x0000008f7bc00000)]
  0x000001f281baa800 JavaThread "Unconstrained build operations Thread 40" [_thread_blocked, id=4820, stack(0x0000008f7bc00000,0x0000008f7bd00000)]
  0x000001f281baa000 JavaThread "Unconstrained build operations Thread 41" [_thread_blocked, id=6524, stack(0x0000008f7bd00000,0x0000008f7be00000)]
  0x000001f281bab800 JavaThread "Unconstrained build operations Thread 42" [_thread_blocked, id=9584, stack(0x0000008f7be00000,0x0000008f7bf00000)]
  0x000001f281ba7800 JavaThread "Unconstrained build operations Thread 43" [_thread_blocked, id=16608, stack(0x0000008f7bf00000,0x0000008f7c000000)]
  0x000001f281ba8000 JavaThread "Unconstrained build operations Thread 44" [_thread_blocked, id=16960, stack(0x0000008f7c000000,0x0000008f7c100000)]
  0x000001f281ba5800 JavaThread "Unconstrained build operations Thread 45" [_thread_blocked, id=16388, stack(0x0000008f7c100000,0x0000008f7c200000)]
  0x000001f281ba9000 JavaThread "Unconstrained build operations Thread 46" [_thread_blocked, id=17444, stack(0x0000008f7c200000,0x0000008f7c300000)]
  0x000001f281540000 JavaThread "Unconstrained build operations Thread 47" [_thread_blocked, id=15536, stack(0x0000008f7c300000,0x0000008f7c400000)]
  0x000001f28153d800 JavaThread "Unconstrained build operations Thread 48" [_thread_blocked, id=16872, stack(0x0000008f7c400000,0x0000008f7c500000)]
  0x000001f28153e800 JavaThread "Unconstrained build operations Thread 49" [_thread_blocked, id=16076, stack(0x0000008f7c500000,0x0000008f7c600000)]
  0x000001f281541800 JavaThread "Unconstrained build operations Thread 50" [_thread_blocked, id=16712, stack(0x0000008f7c600000,0x0000008f7c700000)]
  0x000001f281541000 JavaThread "Unconstrained build operations Thread 51" [_thread_blocked, id=10820, stack(0x0000008f7c700000,0x0000008f7c800000)]
  0x000001f28153f000 JavaThread "Unconstrained build operations Thread 52" [_thread_blocked, id=14384, stack(0x0000008f7c800000,0x0000008f7c900000)]
  0x000001f281545800 JavaThread "Unconstrained build operations Thread 53" [_thread_blocked, id=17820, stack(0x0000008f7c900000,0x0000008f7ca00000)]
  0x000001f281542800 JavaThread "Unconstrained build operations Thread 54" [_thread_blocked, id=2924, stack(0x0000008f7ca00000,0x0000008f7cb00000)]
  0x000001f281544000 JavaThread "Unconstrained build operations Thread 55" [_thread_blocked, id=13552, stack(0x0000008f7cb00000,0x0000008f7cc00000)]
  0x000001f281546800 JavaThread "Unconstrained build operations Thread 56" [_thread_blocked, id=14828, stack(0x0000008f7cc00000,0x0000008f7cd00000)]
  0x000001f281549000 JavaThread "Unconstrained build operations Thread 57" [_thread_blocked, id=17500, stack(0x0000008f7cd00000,0x0000008f7ce00000)]
  0x000001f281543000 JavaThread "Unconstrained build operations Thread 58" [_thread_blocked, id=2948, stack(0x0000008f7ce00000,0x0000008f7cf00000)]
  0x000001f281547800 JavaThread "Unconstrained build operations Thread 59" [_thread_blocked, id=3792, stack(0x0000008f7cf00000,0x0000008f7d000000)]
  0x000001f28154a000 JavaThread "Unconstrained build operations Thread 60" [_thread_blocked, id=11520, stack(0x0000008f7d000000,0x0000008f7d100000)]
  0x000001f28154a800 JavaThread "Unconstrained build operations Thread 61" [_thread_blocked, id=17776, stack(0x0000008f7d100000,0x0000008f7d200000)]
  0x000001f281548000 JavaThread "Unconstrained build operations Thread 62" [_thread_blocked, id=13664, stack(0x0000008f7d200000,0x0000008f7d300000)]
  0x000001f281545000 JavaThread "Unconstrained build operations Thread 63" [_thread_blocked, id=17380, stack(0x0000008f7d300000,0x0000008f7d400000)]
  0x000001f28154b800 JavaThread "Unconstrained build operations Thread 64" [_thread_blocked, id=13252, stack(0x0000008f7d400000,0x0000008f7d500000)]
  0x000001f28154c000 JavaThread "Unconstrained build operations Thread 65" [_thread_blocked, id=10988, stack(0x0000008f7d500000,0x0000008f7d600000)]
  0x000001f281a3b800 JavaThread "Unconstrained build operations Thread 66" [_thread_blocked, id=17000, stack(0x0000008f7d600000,0x0000008f7d700000)]
  0x000001f281a36000 JavaThread "Unconstrained build operations Thread 67" [_thread_blocked, id=12776, stack(0x0000008f7d700000,0x0000008f7d800000)]
  0x000001f281a3c800 JavaThread "Unconstrained build operations Thread 68" [_thread_blocked, id=4048, stack(0x0000008f7d800000,0x0000008f7d900000)]
  0x000001f281a37000 JavaThread "Unconstrained build operations Thread 69" [_thread_blocked, id=8108, stack(0x0000008f7d900000,0x0000008f7da00000)]
  0x000001f281a3d800 JavaThread "Unconstrained build operations Thread 70" [_thread_blocked, id=10468, stack(0x0000008f7da00000,0x0000008f7db00000)]
  0x000001f281a37800 JavaThread "Unconstrained build operations Thread 71" [_thread_blocked, id=15580, stack(0x0000008f7db00000,0x0000008f7dc00000)]
  0x000001f281a3e000 JavaThread "Unconstrained build operations Thread 72" [_thread_blocked, id=8912, stack(0x0000008f7dc00000,0x0000008f7dd00000)]
  0x000001f281a38800 JavaThread "Unconstrained build operations Thread 73" [_thread_blocked, id=18116, stack(0x0000008f7dd00000,0x0000008f7de00000)]
  0x000001f281a3f000 JavaThread "Unconstrained build operations Thread 74" [_thread_blocked, id=16624, stack(0x0000008f7de00000,0x0000008f7df00000)]
  0x000001f281a39800 JavaThread "Unconstrained build operations Thread 75" [_thread_blocked, id=11748, stack(0x0000008f7df00000,0x0000008f7e000000)]
  0x000001f281a3a000 JavaThread "Unconstrained build operations Thread 76" [_thread_blocked, id=7884, stack(0x0000008f7e000000,0x0000008f7e100000)]
  0x000001f281a3b000 JavaThread "Unconstrained build operations Thread 77" [_thread_blocked, id=16896, stack(0x0000008f7e100000,0x0000008f7e200000)]
  0x000001f281a43000 JavaThread "Unconstrained build operations Thread 78" [_thread_blocked, id=13976, stack(0x0000008f7e200000,0x0000008f7e300000)]
  0x000001f281a44800 JavaThread "Unconstrained build operations Thread 79" [_thread_blocked, id=14452, stack(0x0000008f7e300000,0x0000008f7e400000)]
  0x000001f281a42000 JavaThread "Unconstrained build operations Thread 80" [_thread_blocked, id=16408, stack(0x0000008f7e400000,0x0000008f7e500000)]
  0x000001f281a40000 JavaThread "jar transforms Thread 4" [_thread_blocked, id=7556, stack(0x0000008f7e500000,0x0000008f7e600000)]
  0x000001f281a40800 JavaThread "jar transforms Thread 5" [_thread_blocked, id=5440, stack(0x0000008f7e600000,0x0000008f7e700000)]
  0x000001f281a41800 JavaThread "jar transforms Thread 6" [_thread_blocked, id=3068, stack(0x0000008f7e700000,0x0000008f7e800000)]
  0x000001f281a44000 JavaThread "jar transforms Thread 7" [_thread_blocked, id=14324, stack(0x0000008f7e800000,0x0000008f7e900000)]
  0x000001f281b84000 JavaThread "jar transforms Thread 8" [_thread_blocked, id=14816, stack(0x0000008f7e900000,0x0000008f7ea00000)]

Other Threads:
=>0x000001f2fa2de000 VMThread "VM Thread" [stack: 0x0000008f76700000,0x0000008f76800000] [id=4332]
  0x000001f2fae15800 WatcherThread [stack: 0x0000008f77100000,0x0000008f77200000] [id=16620]
  0x000001f2df745000 GCTaskThread "GC Thread#0" [stack: 0x0000008f76200000,0x0000008f76300000] [id=15488]
  0x000001f2fb25c800 GCTaskThread "GC Thread#1" [stack: 0x0000008f77200000,0x0000008f77300000] [id=10316]
  0x000001f2fb054800 GCTaskThread "GC Thread#2" [stack: 0x0000008f77300000,0x0000008f77400000] [id=13212]
  0x000001f2fd645800 GCTaskThread "GC Thread#3" [stack: 0x0000008f77e00000,0x0000008f77f00000] [id=10832]
  0x000001f2fe043800 GCTaskThread "GC Thread#4" [stack: 0x0000008f77f00000,0x0000008f78000000] [id=5688]
  0x000001f2fcdf8000 GCTaskThread "GC Thread#5" [stack: 0x0000008f78000000,0x0000008f78100000] [id=16732]
  0x000001f2fcd70000 GCTaskThread "GC Thread#6" [stack: 0x0000008f78100000,0x0000008f78200000] [id=7916]
  0x000001f2fbcab800 GCTaskThread "GC Thread#7" [stack: 0x0000008f78200000,0x0000008f78300000] [id=16496]
  0x000001f2df777800 ConcurrentGCThread "G1 Main Marker" [stack: 0x0000008f76300000,0x0000008f76400000] [id=14492]
  0x000001f2df77a000 ConcurrentGCThread "G1 Conc#0" [stack: 0x0000008f76400000,0x0000008f76500000] [id=16940]
  0x000001f2fc364800 ConcurrentGCThread "G1 Conc#1" [stack: 0x0000008f78600000,0x0000008f78700000] [id=13740]
  0x000001f2fa130800 ConcurrentGCThread "G1 Refine#0" [stack: 0x0000008f76500000,0x0000008f76600000] [id=17252]
  0x000001f2fa131800 ConcurrentGCThread "G1 Young RemSet Sampling" [stack: 0x0000008f76600000,0x0000008f76700000] [id=17228]

Threads with active compile tasks:
C2 CompilerThread0   9188 5434       4       org.codehaus.groovy.reflection.ParameterTypes::getParameterTypes (16 bytes)

VM state:at safepoint (normal execution)

VM Mutex/Monitor currently owned by a thread:  ([mutex/lock_event])
[0x000001f2df728650] Threads_lock - owner thread: 0x000001f2fa2de000
[0x000001f2df7282f0] Heap_lock - owner thread: 0x000001f2fe084800

Heap address: 0x0000000080000000, size: 2048 MB, Compressed Oops mode: 32-bit
Narrow klass base: 0x0000000000000000, Narrow klass shift: 3
Compressed class space size: 1073741824 Address: 0x0000000100000000

Heap:
 garbage-first heap   total 157696K, used 39221K [0x0000000080000000, 0x0000000100000000)
  region size 1024K, 9 young (9216K), 9 survivors (9216K)
 Metaspace       used 48642K, capacity 49921K, committed 50048K, reserved 1093632K
  class space    used 6219K, capacity 6696K, committed 6784K, reserved 1048576K
Heap Regions: E=young(eden), S=young(survivor), O=old, HS=humongous(starts), HC=humongous(continues), CS=collection set, F=free, A=archive, TAMS=top-at-mark-start (previous, next)
|   0|0x0000000080000000, 0x0000000080100000, 0x0000000080100000|100%| O|  |TAMS 0x0000000080100000, 0x0000000080000000| Untracked 
|   1|0x0000000080100000, 0x0000000080200000, 0x0000000080200000|100%| O|  |TAMS 0x0000000080200000, 0x0000000080100000| Untracked 
|   2|0x0000000080200000, 0x0000000080300000, 0x0000000080300000|100%| O|  |TAMS 0x0000000080300000, 0x0000000080200000| Untracked 
|   3|0x0000000080300000, 0x0000000080400000, 0x0000000080400000|100%|HS|  |TAMS 0x0000000080400000, 0x0000000080300000| Complete 
|   4|0x0000000080400000, 0x0000000080500000, 0x0000000080500000|100%|HC|  |TAMS 0x0000000080500000, 0x0000000080400000| Complete 
|   5|0x0000000080500000, 0x0000000080600000, 0x0000000080600000|100%|HC|  |TAMS 0x0000000080600000, 0x0000000080500000| Complete 
|   6|0x0000000080600000, 0x0000000080700000, 0x0000000080700000|100%| O|  |TAMS 0x0000000080700000, 0x0000000080600000| Untracked 
|   7|0x0000000080700000, 0x0000000080800000, 0x0000000080800000|100%| O|  |TAMS 0x0000000080800000, 0x0000000080700000| Untracked 
|   8|0x0000000080800000, 0x0000000080900000, 0x0000000080900000|100%| O|  |TAMS 0x0000000080900000, 0x0000000080800000| Untracked 
|   9|0x0000000080900000, 0x0000000080a00000, 0x0000000080a00000|100%| O|  |TAMS 0x0000000080a00000, 0x0000000080900000| Untracked 
|  10|0x0000000080a00000, 0x0000000080b00000, 0x0000000080b00000|100%| O|  |TAMS 0x0000000080b00000, 0x0000000080a00000| Untracked 
|  11|0x0000000080b00000, 0x0000000080c00000, 0x0000000080c00000|100%| O|  |TAMS 0x0000000080c00000, 0x0000000080b00000| Untracked 
|  12|0x0000000080c00000, 0x0000000080d00000, 0x0000000080d00000|100%| O|  |TAMS 0x0000000080d00000, 0x0000000080c00000| Untracked 
|  13|0x0000000080d00000, 0x0000000080e00000, 0x0000000080e00000|100%| O|  |TAMS 0x0000000080e00000, 0x0000000080d00000| Untracked 
|  14|0x0000000080e00000, 0x0000000080f00000, 0x0000000080f00000|100%| O|  |TAMS 0x0000000080f00000, 0x0000000080e00000| Untracked 
|  15|0x0000000080f00000, 0x0000000081000000, 0x0000000081000000|100%| O|  |TAMS 0x0000000081000000, 0x0000000080f00000| Untracked 
|  16|0x0000000081000000, 0x0000000081100000, 0x0000000081100000|100%| O|  |TAMS 0x000000008105c400, 0x0000000081000000| Untracked 
|  17|0x0000000081100000, 0x0000000081200000, 0x0000000081200000|100%|HS|  |TAMS 0x0000000081100000, 0x0000000081100000| Complete 
|  18|0x0000000081200000, 0x0000000081300000, 0x0000000081300000|100%| O|  |TAMS 0x0000000081200000, 0x0000000081200000| Untracked 
|  19|0x0000000081300000, 0x0000000081400000, 0x0000000081400000|100%| O|  |TAMS 0x0000000081300000, 0x0000000081300000| Untracked 
|  20|0x0000000081400000, 0x0000000081500000, 0x0000000081500000|100%| O|  |TAMS 0x0000000081400000, 0x0000000081400000| Untracked 
|  21|0x0000000081500000, 0x0000000081600000, 0x0000000081600000|100%| O|  |TAMS 0x0000000081500000, 0x0000000081500000| Untracked 
|  22|0x0000000081600000, 0x0000000081700000, 0x0000000081700000|100%| O|  |TAMS 0x0000000081600000, 0x0000000081600000| Untracked 
|  23|0x0000000081700000, 0x0000000081800000, 0x0000000081800000|100%| O|  |TAMS 0x0000000081700000, 0x0000000081700000| Untracked 
|  24|0x0000000081800000, 0x0000000081900000, 0x0000000081900000|100%|HS|  |TAMS 0x0000000081800000, 0x0000000081800000| Complete 
|  25|0x0000000081900000, 0x0000000081a00000, 0x0000000081a00000|100%| O|  |TAMS 0x0000000081900000, 0x0000000081900000| Untracked 
|  26|0x0000000081a00000, 0x0000000081b00000, 0x0000000081b00000|100%| O|  |TAMS 0x0000000081a00000, 0x0000000081a00000| Untracked 
|  27|0x0000000081b00000, 0x0000000081c00000, 0x0000000081c00000|100%| O|  |TAMS 0x0000000081b00000, 0x0000000081b00000| Untracked 
|  28|0x0000000081c00000, 0x0000000081d00000, 0x0000000081d00000|100%| O|  |TAMS 0x0000000081c00000, 0x0000000081c00000| Untracked 
|  29|0x0000000081d00000, 0x0000000081d5e600, 0x0000000081e00000| 36%| O|  |TAMS 0x0000000081d00000, 0x0000000081d00000| Untracked 
|  30|0x0000000081e00000, 0x0000000081e00000, 0x0000000081f00000|  0%| F|  |TAMS 0x0000000081e00000, 0x0000000081e00000| Untracked 
|  31|0x0000000081f00000, 0x0000000081f00000, 0x0000000082000000|  0%| F|  |TAMS 0x0000000081f00000, 0x0000000081f00000| Untracked 
|  32|0x0000000082000000, 0x0000000082000000, 0x0000000082100000|  0%| F|  |TAMS 0x0000000082000000, 0x0000000082000000| Untracked 
|  33|0x0000000082100000, 0x0000000082100000, 0x0000000082200000|  0%| F|  |TAMS 0x0000000082100000, 0x0000000082100000| Untracked 
|  34|0x0000000082200000, 0x0000000082200000, 0x0000000082300000|  0%| F|  |TAMS 0x0000000082200000, 0x0000000082200000| Untracked 
|  35|0x0000000082300000, 0x0000000082300000, 0x0000000082400000|  0%| F|  |TAMS 0x0000000082300000, 0x0000000082300000| Untracked 
|  36|0x0000000082400000, 0x0000000082400000, 0x0000000082500000|  0%| F|  |TAMS 0x0000000082400000, 0x0000000082400000| Untracked 
|  37|0x0000000082500000, 0x0000000082500000, 0x0000000082600000|  0%| F|  |TAMS 0x0000000082500000, 0x0000000082500000| Untracked 
|  38|0x0000000082600000, 0x0000000082600000, 0x0000000082700000|  0%| F|  |TAMS 0x0000000082600000, 0x0000000082600000| Untracked 
|  39|0x0000000082700000, 0x0000000082700000, 0x0000000082800000|  0%| F|  |TAMS 0x0000000082700000, 0x0000000082700000| Untracked 
|  40|0x0000000082800000, 0x0000000082800000, 0x0000000082900000|  0%| F|  |TAMS 0x0000000082800000, 0x0000000082800000| Untracked 
|  41|0x0000000082900000, 0x0000000082900000, 0x0000000082a00000|  0%| F|  |TAMS 0x0000000082900000, 0x0000000082900000| Untracked 
|  42|0x0000000082a00000, 0x0000000082a00000, 0x0000000082b00000|  0%| F|  |TAMS 0x0000000082a00000, 0x0000000082a00000| Untracked 
|  43|0x0000000082b00000, 0x0000000082b00000, 0x0000000082c00000|  0%| F|  |TAMS 0x0000000082b00000, 0x0000000082b00000| Untracked 
|  44|0x0000000082c00000, 0x0000000082c00000, 0x0000000082d00000|  0%| F|  |TAMS 0x0000000082c00000, 0x0000000082c00000| Untracked 
|  45|0x0000000082d00000, 0x0000000082d00000, 0x0000000082e00000|  0%| F|  |TAMS 0x0000000082d00000, 0x0000000082d00000| Untracked 
|  46|0x0000000082e00000, 0x0000000082e00000, 0x0000000082f00000|  0%| F|  |TAMS 0x0000000082e00000, 0x0000000082e00000| Untracked 
|  47|0x0000000082f00000, 0x0000000082f00000, 0x0000000083000000|  0%| F|  |TAMS 0x0000000082f00000, 0x0000000082f00000| Untracked 
|  48|0x0000000083000000, 0x00000000830eeed0, 0x0000000083100000| 93%| S|CS|TAMS 0x0000000083000000, 0x0000000083000000| Complete 
|  49|0x0000000083100000, 0x0000000083200000, 0x0000000083200000|100%| S|CS|TAMS 0x0000000083100000, 0x0000000083100000| Complete 
|  50|0x0000000083200000, 0x0000000083300000, 0x0000000083300000|100%| S|CS|TAMS 0x0000000083200000, 0x0000000083200000| Complete 
|  51|0x0000000083300000, 0x0000000083400000, 0x0000000083400000|100%| S|CS|TAMS 0x0000000083300000, 0x0000000083300000| Complete 
|  52|0x0000000083400000, 0x0000000083500000, 0x0000000083500000|100%| S|CS|TAMS 0x0000000083400000, 0x0000000083400000| Complete 
|  53|0x0000000083500000, 0x0000000083600000, 0x0000000083600000|100%| S|CS|TAMS 0x0000000083500000, 0x0000000083500000| Complete 
|  54|0x0000000083600000, 0x0000000083700000, 0x0000000083700000|100%| S|CS|TAMS 0x0000000083600000, 0x0000000083600000| Complete 
|  55|0x0000000083700000, 0x0000000083800000, 0x0000000083800000|100%| S|CS|TAMS 0x0000000083700000, 0x0000000083700000| Complete 
|  56|0x0000000083800000, 0x0000000083900000, 0x0000000083900000|100%| S|CS|TAMS 0x0000000083800000, 0x0000000083800000| Complete 
|  57|0x0000000083900000, 0x0000000083900000, 0x0000000083a00000|  0%| F|  |TAMS 0x0000000083900000, 0x0000000083900000| Untracked 
|  58|0x0000000083a00000, 0x0000000083a00000, 0x0000000083b00000|  0%| F|  |TAMS 0x0000000083a00000, 0x0000000083a00000| Untracked 
|  59|0x0000000083b00000, 0x0000000083b00000, 0x0000000083c00000|  0%| F|  |TAMS 0x0000000083b00000, 0x0000000083b00000| Untracked 
|  60|0x0000000083c00000, 0x0000000083c00000, 0x0000000083d00000|  0%| F|  |TAMS 0x0000000083c00000, 0x0000000083c00000| Untracked 
|  61|0x0000000083d00000, 0x0000000083d00000, 0x0000000083e00000|  0%| F|  |TAMS 0x0000000083d00000, 0x0000000083d00000| Untracked 
|  62|0x0000000083e00000, 0x0000000083e00000, 0x0000000083f00000|  0%| F|  |TAMS 0x0000000083e00000, 0x0000000083e00000| Untracked 
|  63|0x0000000083f00000, 0x0000000083f00000, 0x0000000084000000|  0%| F|  |TAMS 0x0000000083f00000, 0x0000000083f00000| Untracked 
|  64|0x0000000084000000, 0x0000000084000000, 0x0000000084100000|  0%| F|  |TAMS 0x0000000084000000, 0x0000000084000000| Untracked 
|  65|0x0000000084100000, 0x0000000084100000, 0x0000000084200000|  0%| F|  |TAMS 0x0000000084100000, 0x0000000084100000| Untracked 
|  66|0x0000000084200000, 0x0000000084200000, 0x0000000084300000|  0%| F|  |TAMS 0x0000000084200000, 0x0000000084200000| Untracked 
|  67|0x0000000084300000, 0x0000000084300000, 0x0000000084400000|  0%| F|  |TAMS 0x0000000084300000, 0x0000000084300000| Untracked 
|  68|0x0000000084400000, 0x0000000084400000, 0x0000000084500000|  0%| F|  |TAMS 0x0000000084400000, 0x0000000084400000| Untracked 
|  69|0x0000000084500000, 0x0000000084500000, 0x0000000084600000|  0%| F|  |TAMS 0x0000000084500000, 0x0000000084500000| Untracked 
|  70|0x0000000084600000, 0x0000000084600000, 0x0000000084700000|  0%| F|  |TAMS 0x0000000084600000, 0x0000000084600000| Untracked 
|  71|0x0000000084700000, 0x0000000084700000, 0x0000000084800000|  0%| F|  |TAMS 0x0000000084700000, 0x0000000084700000| Untracked 
|  72|0x0000000084800000, 0x0000000084800000, 0x0000000084900000|  0%| F|  |TAMS 0x0000000084800000, 0x0000000084800000| Untracked 
|  73|0x0000000084900000, 0x0000000084900000, 0x0000000084a00000|  0%| F|  |TAMS 0x0000000084900000, 0x0000000084900000| Untracked 
|  74|0x0000000084a00000, 0x0000000084a00000, 0x0000000084b00000|  0%| F|  |TAMS 0x0000000084a00000, 0x0000000084a00000| Untracked 
|  75|0x0000000084b00000, 0x0000000084b00000, 0x0000000084c00000|  0%| F|  |TAMS 0x0000000084b00000, 0x0000000084b00000| Untracked 
|  76|0x0000000084c00000, 0x0000000084c00000, 0x0000000084d00000|  0%| F|  |TAMS 0x0000000084c00000, 0x0000000084c00000| Untracked 
|  77|0x0000000084d00000, 0x0000000084d00000, 0x0000000084e00000|  0%| F|  |TAMS 0x0000000084d00000, 0x0000000084d00000| Untracked 
|  78|0x0000000084e00000, 0x0000000084e00000, 0x0000000084f00000|  0%| F|  |TAMS 0x0000000084e00000, 0x0000000084e00000| Untracked 
|  79|0x0000000084f00000, 0x0000000084f00000, 0x0000000085000000|  0%| F|  |TAMS 0x0000000084f00000, 0x0000000084f00000| Untracked 
|  80|0x0000000085000000, 0x0000000085000000, 0x0000000085100000|  0%| F|  |TAMS 0x0000000085000000, 0x0000000085000000| Untracked 
|  81|0x0000000085100000, 0x0000000085100000, 0x0000000085200000|  0%| F|  |TAMS 0x0000000085100000, 0x0000000085100000| Untracked 
|  82|0x0000000085200000, 0x0000000085200000, 0x0000000085300000|  0%| F|  |TAMS 0x0000000085200000, 0x0000000085200000| Untracked 
|  83|0x0000000085300000, 0x0000000085300000, 0x0000000085400000|  0%| F|  |TAMS 0x0000000085300000, 0x0000000085300000| Untracked 
|  84|0x0000000085400000, 0x0000000085400000, 0x0000000085500000|  0%| F|  |TAMS 0x0000000085400000, 0x0000000085400000| Untracked 
|  85|0x0000000085500000, 0x0000000085500000, 0x0000000085600000|  0%| F|  |TAMS 0x0000000085500000, 0x0000000085500000| Untracked 
|  86|0x0000000085600000, 0x0000000085600000, 0x0000000085700000|  0%| F|  |TAMS 0x0000000085600000, 0x0000000085600000| Untracked 
|  87|0x0000000085700000, 0x0000000085700000, 0x0000000085800000|  0%| F|  |TAMS 0x0000000085700000, 0x0000000085700000| Untracked 
|  88|0x0000000085800000, 0x0000000085800000, 0x0000000085900000|  0%| F|  |TAMS 0x0000000085800000, 0x0000000085800000| Untracked 
|  89|0x0000000085900000, 0x0000000085900000, 0x0000000085a00000|  0%| F|  |TAMS 0x0000000085900000, 0x0000000085900000| Untracked 
|  90|0x0000000085a00000, 0x0000000085a00000, 0x0000000085b00000|  0%| F|  |TAMS 0x0000000085a00000, 0x0000000085a00000| Untracked 
|  91|0x0000000085b00000, 0x0000000085b00000, 0x0000000085c00000|  0%| F|  |TAMS 0x0000000085b00000, 0x0000000085b00000| Untracked 
|  92|0x0000000085c00000, 0x0000000085c00000, 0x0000000085d00000|  0%| F|  |TAMS 0x0000000085c00000, 0x0000000085c00000| Untracked 
|  93|0x0000000085d00000, 0x0000000085d00000, 0x0000000085e00000|  0%| F|  |TAMS 0x0000000085d00000, 0x0000000085d00000| Untracked 
|  94|0x0000000085e00000, 0x0000000085e00000, 0x0000000085f00000|  0%| F|  |TAMS 0x0000000085e00000, 0x0000000085e00000| Untracked 
|  95|0x0000000085f00000, 0x0000000085f00000, 0x0000000086000000|  0%| F|  |TAMS 0x0000000085f00000, 0x0000000085f00000| Untracked 
|  96|0x0000000086000000, 0x0000000086000000, 0x0000000086100000|  0%| F|  |TAMS 0x0000000086000000, 0x0000000086000000| Untracked 
|  97|0x0000000086100000, 0x0000000086100000, 0x0000000086200000|  0%| F|  |TAMS 0x0000000086100000, 0x0000000086100000| Untracked 
|  98|0x0000000086200000, 0x0000000086200000, 0x0000000086300000|  0%| F|  |TAMS 0x0000000086200000, 0x0000000086200000| Untracked 
|  99|0x0000000086300000, 0x0000000086300000, 0x0000000086400000|  0%| F|  |TAMS 0x0000000086300000, 0x0000000086300000| Untracked 
| 100|0x0000000086400000, 0x0000000086400000, 0x0000000086500000|  0%| F|  |TAMS 0x0000000086400000, 0x0000000086400000| Untracked 
| 101|0x0000000086500000, 0x0000000086500000, 0x0000000086600000|  0%| F|  |TAMS 0x0000000086500000, 0x0000000086500000| Untracked 
| 102|0x0000000086600000, 0x0000000086600000, 0x0000000086700000|  0%| F|  |TAMS 0x0000000086600000, 0x0000000086600000| Untracked 
| 103|0x0000000086700000, 0x0000000086700000, 0x0000000086800000|  0%| F|  |TAMS 0x0000000086700000, 0x0000000086700000| Untracked 
| 104|0x0000000086800000, 0x0000000086800000, 0x0000000086900000|  0%| F|  |TAMS 0x0000000086800000, 0x0000000086800000| Untracked 
| 105|0x0000000086900000, 0x0000000086900000, 0x0000000086a00000|  0%| F|  |TAMS 0x0000000086900000, 0x0000000086900000| Untracked 
| 106|0x0000000086a00000, 0x0000000086a00000, 0x0000000086b00000|  0%| F|  |TAMS 0x0000000086a00000, 0x0000000086a00000| Untracked 
| 107|0x0000000086b00000, 0x0000000086b00000, 0x0000000086c00000|  0%| F|  |TAMS 0x0000000086b00000, 0x0000000086b00000| Untracked 
| 108|0x0000000086c00000, 0x0000000086c00000, 0x0000000086d00000|  0%| F|  |TAMS 0x0000000086c00000, 0x0000000086c00000| Untracked 
| 109|0x0000000086d00000, 0x0000000086d00000, 0x0000000086e00000|  0%| F|  |TAMS 0x0000000086d00000, 0x0000000086d00000| Untracked 
| 110|0x0000000086e00000, 0x0000000086e00000, 0x0000000086f00000|  0%| F|  |TAMS 0x0000000086e00000, 0x0000000086e00000| Untracked 
| 111|0x0000000086f00000, 0x0000000086f00000, 0x0000000087000000|  0%| F|  |TAMS 0x0000000086f00000, 0x0000000086f00000| Untracked 
| 112|0x0000000087000000, 0x0000000087000000, 0x0000000087100000|  0%| F|  |TAMS 0x0000000087000000, 0x0000000087000000| Untracked 
| 113|0x0000000087100000, 0x0000000087100000, 0x0000000087200000|  0%| F|  |TAMS 0x0000000087100000, 0x0000000087100000| Untracked 
| 114|0x0000000087200000, 0x0000000087200000, 0x0000000087300000|  0%| F|  |TAMS 0x0000000087200000, 0x0000000087200000| Untracked 
| 115|0x0000000087300000, 0x0000000087300000, 0x0000000087400000|  0%| F|  |TAMS 0x0000000087300000, 0x0000000087300000| Untracked 
| 116|0x0000000087400000, 0x0000000087400000, 0x0000000087500000|  0%| F|  |TAMS 0x0000000087400000, 0x0000000087400000| Untracked 
| 117|0x0000000087500000, 0x0000000087500000, 0x0000000087600000|  0%| F|  |TAMS 0x0000000087500000, 0x0000000087500000| Untracked 
| 118|0x0000000087600000, 0x0000000087600000, 0x0000000087700000|  0%| F|  |TAMS 0x0000000087600000, 0x0000000087600000| Untracked 
| 119|0x0000000087700000, 0x0000000087700000, 0x0000000087800000|  0%| F|  |TAMS 0x0000000087700000, 0x0000000087700000| Untracked 
| 120|0x0000000087800000, 0x0000000087800000, 0x0000000087900000|  0%| F|  |TAMS 0x0000000087800000, 0x0000000087800000| Untracked 
| 121|0x0000000087900000, 0x0000000087900000, 0x0000000087a00000|  0%| F|  |TAMS 0x0000000087900000, 0x0000000087900000| Untracked 
| 122|0x0000000087a00000, 0x0000000087a00000, 0x0000000087b00000|  0%| F|  |TAMS 0x0000000087a00000, 0x0000000087a00000| Untracked 
| 123|0x0000000087b00000, 0x0000000087b00000, 0x0000000087c00000|  0%| F|  |TAMS 0x0000000087b00000, 0x0000000087b00000| Untracked 
| 124|0x0000000087c00000, 0x0000000087c00000, 0x0000000087d00000|  0%| F|  |TAMS 0x0000000087c00000, 0x0000000087c00000| Untracked 
| 125|0x0000000087d00000, 0x0000000087d00000, 0x0000000087e00000|  0%| F|  |TAMS 0x0000000087d00000, 0x0000000087d00000| Untracked 
| 126|0x0000000087e00000, 0x0000000087e00000, 0x0000000087f00000|  0%| F|  |TAMS 0x0000000087e00000, 0x0000000087e00000| Untracked 
| 127|0x0000000087f00000, 0x0000000087f00000, 0x0000000088000000|  0%| F|  |TAMS 0x0000000087f00000, 0x0000000087f00000| Untracked 

Card table byte_map: [0x000001f2f30a0000,0x000001f2f34a0000] _byte_map_base: 0x000001f2f2ca0000

Marking Bits (Prev, Next): (CMBitMap*) 0x000001f2df76edb8, (CMBitMap*) 0x000001f2df76edf0
 Prev Bits: [0x000001f2f38a0000, 0x000001f2f58a0000)
 Next Bits: [0x000001f2f58a0000, 0x000001f2f78a0000)

Polling page: 0x000001f2ddea0000

Metaspace:

Usage:
  Non-class:     42.21 MB capacity,    41.43 MB ( 98%) used,   673.81 KB (  2%) free+waste,   127.94 KB ( <1%) overhead. 
      Class:      6.54 MB capacity,     6.07 MB ( 93%) used,   415.96 KB (  6%) free+waste,    60.69 KB ( <1%) overhead. 
       Both:     48.75 MB capacity,    47.50 MB ( 97%) used,     1.06 MB (  2%) free+waste,   188.63 KB ( <1%) overhead. 

Virtual space:
  Non-class space:       44.00 MB reserved,      42.25 MB ( 96%) committed 
      Class space:        1.00 GB reserved,       6.63 MB ( <1%) committed 
             Both:        1.04 GB reserved,      48.88 MB (  5%) committed 

Chunk freelists:
   Non-Class:  39.00 KB
       Class:  0 bytes
        Both:  39.00 KB

MaxMetaspaceSize: 17179869184.00 GB
CompressedClassSpaceSize: 1.00 GB
Initial GC threshold: 20.80 MB
Current GC threshold: 58.54 MB
CDS: off

CodeHeap 'non-profiled nmethods': size=120000Kb used=2899Kb max_used=2899Kb free=117101Kb
 bounds [0x000001f2ead10000, 0x000001f2eaff0000, 0x000001f2f2240000]
CodeHeap 'profiled nmethods': size=120000Kb used=10944Kb max_used=10944Kb free=109055Kb
 bounds [0x000001f2e37e0000, 0x000001f2e42a0000, 0x000001f2ead10000]
CodeHeap 'non-nmethods': size=5760Kb used=2293Kb max_used=2354Kb free=3466Kb
 bounds [0x000001f2e3240000, 0x000001f2e34b0000, 0x000001f2e37e0000]
 total_blobs=6219 nmethods=5431 adapters=700
 compilation: enabled
              stopped_count=0, restarted_count=0
 full_count=0

Compilation events (20 events):
Event: 9.118 Thread 0x000001f2fa300800 nmethod 5429 0x000001f2e4286e10 code [0x000001f2e4286fc0, 0x000001f2e4287108]
Event: 9.119 Thread 0x000001f2fa300800 5430       3       java.util.stream.Nodes::builder (8 bytes)
Event: 9.119 Thread 0x000001f2fa300800 nmethod 5430 0x000001f2e4287210 code [0x000001f2e42873e0, 0x000001f2e4287798]
Event: 9.119 Thread 0x000001f2fa300800 5431       3       java.util.stream.Nodes$SpinedNodeBuilder::<init> (10 bytes)
Event: 9.119 Thread 0x000001f2fa300800 nmethod 5431 0x000001f2e4287910 code [0x000001f2e4287ae0, 0x000001f2e4287df8]
Event: 9.119 Thread 0x000001f2fa300800 5432       3       java.util.stream.Nodes$SpinedNodeBuilder::end (29 bytes)
Event: 9.119 Thread 0x000001f2fa300800 nmethod 5432 0x000001f2e4287f10 code [0x000001f2e42880c0, 0x000001f2e42881d8]
Event: 9.120 Thread 0x000001f2fa300800 5435       3       groovy.lang.MetaClassImpl::addMetaBeanProperty (119 bytes)
Event: 9.121 Thread 0x000001f2fa300800 nmethod 5435 0x000001f2e4288290 code [0x000001f2e4288560, 0x000001f2e4289c58]
Event: 9.124 Thread 0x000001f2fa300800 5436       3       org.codehaus.groovy.reflection.stdclasses.CachedSAMClass$$Lambda$256/0x0000000100470440::run (8 bytes)
Event: 9.124 Thread 0x000001f2fa300800 nmethod 5436 0x000001f2e428a190 code [0x000001f2e428a380, 0x000001f2e428a678]
Event: 9.125 Thread 0x000001f2fe2bb800 nmethod 5424 0x000001f2eafddd90 code [0x000001f2eafddf60, 0x000001f2eafde358]
Event: 9.125 Thread 0x000001f2fe2bb800 5433       4       java.lang.PublicMethods$MethodList::merge (192 bytes)
Event: 9.134 Thread 0x000001f2fe2bb800 nmethod 5433 0x000001f2eafde890 code [0x000001f2eafdea40, 0x000001f2eafdefb8]
Event: 9.134 Thread 0x000001f2fe2bb800 5428       4       org.codehaus.groovy.runtime.metaclass.MetaMethodIndex::addMethodToList (131 bytes)
Event: 9.136 Thread 0x000001f2fa300800 5437       3       java.util.zip.ZipFile$Source::initCEN (697 bytes)
Event: 9.140 Thread 0x000001f2fa300800 nmethod 5437 0x000001f2e428a810 code [0x000001f2e428ae60, 0x000001f2e428e8b8]
Event: 9.146 Thread 0x000001f2fac91000 nmethod 5385 0x000001f2eafdf210 code [0x000001f2eafdf4e0, 0x000001f2eafe1718]
Event: 9.146 Thread 0x000001f2fac91000 5434       4       org.codehaus.groovy.reflection.ParameterTypes::getParameterTypes (16 bytes)
Event: 9.156 Thread 0x000001f2fe2bb800 nmethod 5428 0x000001f2eafe2890 code [0x000001f2eafe2b60, 0x000001f2eafe3e00]

GC Heap History (17 events):
Event: 1.085 GC heap before
{Heap before GC invocations=0 (full 0):
 garbage-first heap   total 131072K, used 29696K [0x0000000080000000, 0x0000000100000000)
  region size 1024K, 24 young (24576K), 0 survivors (0K)
 Metaspace       used 10236K, capacity 10493K, committed 10624K, reserved 1058816K
  class space    used 1071K, capacity 1139K, committed 1152K, reserved 1048576K
}
Event: 1.091 GC heap after
{Heap after GC invocations=1 (full 0):
 garbage-first heap   total 131072K, used 9590K [0x0000000080000000, 0x0000000100000000)
  region size 1024K, 3 young (3072K), 3 survivors (3072K)
 Metaspace       used 10236K, capacity 10493K, committed 10624K, reserved 1058816K
  class space    used 1071K, capacity 1139K, committed 1152K, reserved 1048576K
}
Event: 2.144 GC heap before
{Heap before GC invocations=1 (full 0):
 garbage-first heap   total 131072K, used 52598K [0x0000000080000000, 0x0000000100000000)
  region size 1024K, 45 young (46080K), 3 survivors (3072K)
 Metaspace       used 11359K, capacity 11696K, committed 11904K, reserved 1060864K
  class space    used 1195K, capacity 1284K, committed 1408K, reserved 1048576K
}
Event: 2.149 GC heap after
{Heap after GC invocations=2 (full 0):
 garbage-first heap   total 131072K, used 14314K [0x0000000080000000, 0x0000000100000000)
  region size 1024K, 6 young (6144K), 6 survivors (6144K)
 Metaspace       used 11359K, capacity 11696K, committed 11904K, reserved 1060864K
  class space    used 1195K, capacity 1284K, committed 1408K, reserved 1048576K
}
Event: 3.355 GC heap before
{Heap before GC invocations=2 (full 0):
 garbage-first heap   total 131072K, used 63466K [0x0000000080000000, 0x0000000100000000)
  region size 1024K, 54 young (55296K), 6 survivors (6144K)
 Metaspace       used 19474K, capacity 19917K, committed 19968K, reserved 1067008K
  class space    used 2384K, capacity 2538K, committed 2560K, reserved 1048576K
}
Event: 3.361 GC heap after
{Heap after GC invocations=3 (full 0):
 garbage-first heap   total 131072K, used 16760K [0x0000000080000000, 0x0000000100000000)
  region size 1024K, 6 young (6144K), 6 survivors (6144K)
 Metaspace       used 19474K, capacity 19917K, committed 19968K, reserved 1067008K
  class space    used 2384K, capacity 2538K, committed 2560K, reserved 1048576K
}
Event: 3.512 GC heap before
{Heap before GC invocations=3 (full 0):
 garbage-first heap   total 131072K, used 28024K [0x0000000080000000, 0x0000000100000000)
  region size 1024K, 18 young (18432K), 6 survivors (6144K)
 Metaspace       used 20676K, capacity 21141K, committed 21248K, reserved 1067008K
  class space    used 2546K, capacity 2712K, committed 2816K, reserved 1048576K
}
Event: 3.516 GC heap after
{Heap after GC invocations=4 (full 0):
 garbage-first heap   total 131072K, used 17695K [0x0000000080000000, 0x0000000100000000)
  region size 1024K, 4 young (4096K), 4 survivors (4096K)
 Metaspace       used 20676K, capacity 21141K, committed 21248K, reserved 1067008K
  class space    used 2546K, capacity 2712K, committed 2816K, reserved 1048576K
}
Event: 4.585 GC heap before
{Heap before GC invocations=5 (full 0):
 garbage-first heap   total 131072K, used 70943K [0x0000000080000000, 0x0000000100000000)
  region size 1024K, 56 young (57344K), 4 survivors (4096K)
 Metaspace       used 26293K, capacity 26867K, committed 27008K, reserved 1073152K
  class space    used 3417K, capacity 3607K, committed 3712K, reserved 1048576K
}
Event: 4.590 GC heap after
{Heap after GC invocations=6 (full 0):
 garbage-first heap   total 131072K, used 19405K [0x0000000080000000, 0x0000000100000000)
  region size 1024K, 6 young (6144K), 6 survivors (6144K)
 Metaspace       used 26293K, capacity 26867K, committed 27008K, reserved 1073152K
  class space    used 3417K, capacity 3607K, committed 3712K, reserved 1048576K
}
Event: 5.443 GC heap before
{Heap before GC invocations=6 (full 0):
 garbage-first heap   total 131072K, used 78797K [0x0000000080000000, 0x0000000100000000)
  region size 1024K, 65 young (66560K), 6 survivors (6144K)
 Metaspace       used 34895K, capacity 35719K, committed 35840K, reserved 1081344K
  class space    used 4533K, capacity 4839K, committed 4864K, reserved 1048576K
}
Event: 5.456 GC heap after
{Heap after GC invocations=7 (full 0):
 garbage-first heap   total 131072K, used 22767K [0x0000000080000000, 0x0000000100000000)
  region size 1024K, 6 young (6144K), 6 survivors (6144K)
 Metaspace       used 34895K, capacity 35719K, committed 35840K, reserved 1081344K
  class space    used 4533K, capacity 4839K, committed 4864K, reserved 1048576K
}
Event: 6.441 GC heap before
{Heap before GC invocations=8 (full 0):
 garbage-first heap   total 131072K, used 94447K [0x0000000080000000, 0x0000000100000000)
  region size 1024K, 74 young (75776K), 6 survivors (6144K)
 Metaspace       used 40509K, capacity 41430K, committed 41728K, reserved 1085440K
  class space    used 5183K, capacity 5544K, committed 5632K, reserved 1048576K
}
Event: 6.450 GC heap after
{Heap after GC invocations=9 (full 0):
 garbage-first heap   total 131072K, used 28166K [0x0000000080000000, 0x0000000100000000)
  region size 1024K, 10 young (10240K), 10 survivors (10240K)
 Metaspace       used 40509K, capacity 41430K, committed 41728K, reserved 1085440K
  class space    used 5183K, capacity 5544K, committed 5632K, reserved 1048576K
}
Event: 7.410 GC heap before
{Heap before GC invocations=9 (full 0):
 garbage-first heap   total 131072K, used 92678K [0x0000000080000000, 0x0000000100000000)
  region size 1024K, 73 young (74752K), 10 survivors (10240K)
 Metaspace       used 46053K, capacity 47151K, committed 47360K, reserved 1089536K
  class space    used 5935K, capacity 6356K, committed 6400K, reserved 1048576K
}
Event: 7.418 GC heap after
{Heap after GC invocations=10 (full 0):
 garbage-first heap   total 131072K, used 30974K [0x0000000080000000, 0x0000000100000000)
  region size 1024K, 8 young (8192K), 8 survivors (8192K)
 Metaspace       used 46053K, capacity 47151K, committed 47360K, reserved 1089536K
  class space    used 5935K, capacity 6356K, committed 6400K, reserved 1048576K
}
Event: 9.156 GC heap before
{Heap before GC invocations=10 (full 0):
 garbage-first heap   total 131072K, used 96510K [0x0000000080000000, 0x0000000100000000)
  region size 1024K, 71 young (72704K), 8 survivors (8192K)
 Metaspace       used 48642K, capacity 49921K, committed 50048K, reserved 1093632K
  class space    used 6219K, capacity 6696K, committed 6784K, reserved 1048576K
}

Deoptimization events (20 events):
Event: 8.602 Thread 0x000001f2fe749800 DEOPT PACKING pc=0x000001f2e3e521f4 sp=0x0000008f796fdb30
Event: 8.602 Thread 0x000001f2fe749800 DEOPT UNPACKING pc=0x000001f2e328a95e sp=0x0000008f796fd0d0 mode 0
Event: 8.630 Thread 0x000001f2fe748800 Uncommon trap: trap_request=0xffffffcc fr.pc=0x000001f2eafb96fc relative=0x00000000000010dc
Event: 8.630 Thread 0x000001f2fe748800 Uncommon trap: reason=intrinsic_or_type_checked_inlining action=make_not_entrant pc=0x000001f2eafb96fc method=java.util.ArrayList.toArray([Ljava/lang/Object;)[Ljava/lang/Object; @ 36 c2
Event: 8.630 Thread 0x000001f2fe748800 DEOPT PACKING pc=0x000001f2eafb96fc sp=0x0000008f79bfda60
Event: 8.630 Thread 0x000001f2fe748800 DEOPT UNPACKING pc=0x000001f2e328a1af sp=0x0000008f79bfd9b8 mode 2
Event: 8.660 Thread 0x000001f281a3b000 DEOPT PACKING pc=0x000001f2e3e521f4 sp=0x0000008f7e1fd170
Event: 8.660 Thread 0x000001f281a3b000 DEOPT UNPACKING pc=0x000001f2e328a95e sp=0x0000008f7e1fc710 mode 0
Event: 8.702 Thread 0x000001f281546800 DEOPT PACKING pc=0x000001f2e3e521f4 sp=0x0000008f7ccfd160
Event: 8.702 Thread 0x000001f281546800 DEOPT UNPACKING pc=0x000001f2e328a95e sp=0x0000008f7ccfc700 mode 0
Event: 8.845 Thread 0x000001f2fd641000 DEOPT PACKING pc=0x000001f2e3b01bfa sp=0x0000008f785fe230
Event: 8.845 Thread 0x000001f2fd641000 DEOPT UNPACKING pc=0x000001f2e328a95e sp=0x0000008f785fd668 mode 0
Event: 8.887 Thread 0x000001f2fe084800 Uncommon trap: trap_request=0xffffffc6 fr.pc=0x000001f2ead62220 relative=0x0000000000002840
Event: 8.887 Thread 0x000001f2fe084800 Uncommon trap: reason=bimorphic_or_optimized_type_check action=maybe_recompile pc=0x000001f2ead62220 method=java.util.HashMap.putVal(ILjava/lang/Object;Ljava/lang/Object;ZZ)Ljava/lang/Object; @ 203 c2
Event: 8.887 Thread 0x000001f2fe084800 DEOPT PACKING pc=0x000001f2ead62220 sp=0x0000008f77af9e90
Event: 8.887 Thread 0x000001f2fe084800 DEOPT UNPACKING pc=0x000001f2e328a1af sp=0x0000008f77af9d68 mode 2
Event: 9.099 Thread 0x000001f2fe084800 DEOPT PACKING pc=0x000001f2e3fe88f1 sp=0x0000008f77af9820
Event: 9.099 Thread 0x000001f2fe084800 DEOPT UNPACKING pc=0x000001f2e328a95e sp=0x0000008f77af8d18 mode 0
Event: 9.107 Thread 0x000001f2fe084800 DEOPT PACKING pc=0x000001f2e3fe88f1 sp=0x0000008f77af9820
Event: 9.107 Thread 0x000001f2fe084800 DEOPT UNPACKING pc=0x000001f2e328a95e sp=0x0000008f77af8d18 mode 0

Classes redefined (0 events):
No events

Internal exceptions (20 events):
Event: 7.062 Thread 0x000001f2fe084800 Exception <a 'java/lang/ClassNotFoundException'{0x0000000085abfba0}: org/gradle/api/internal/artifacts/dsl/dependencies/DefaultDependencyHandlerBeanInfo> (0x0000000085abfba0) thrown at [./src/hotspot/share/classfile/systemDictionary.cpp, line 231]
Event: 7.063 Thread 0x000001f2fe084800 Exception <a 'java/lang/ClassNotFoundException'{0x0000000085afe468}: org/gradle/api/internal/artifacts/dsl/dependencies/DefaultDependencyHandlerCustomizer> (0x0000000085afe468) thrown at [./src/hotspot/share/classfile/systemDictionary.cpp, line 231]
Event: 7.065 Thread 0x000001f2fe084800 Exception <a 'java/lang/ClassNotFoundException'{0x00000000859644e8}: org/gradle/api/internal/artifacts/dsl/dependencies/DefaultDependencyHandler_DecoratedCustomizer> (0x00000000859644e8) thrown at [./src/hotspot/share/classfile/systemDictionary.cpp, line 231]
Event: 7.087 Thread 0x000001f2fe084800 Exception <a 'java/lang/ClassNotFoundException'{0x00000000858766f0}: org/gradle/plugin/use/internal/PluginRequestCollector$PluginDependenciesSpecImplBeanInfo> (0x00000000858766f0) thrown at [./src/hotspot/share/classfile/systemDictionary.cpp, line 231]
Event: 7.088 Thread 0x000001f2fe084800 Exception <a 'java/lang/ClassNotFoundException'{0x00000000858a5820}: org/gradle/plugin/use/internal/PluginRequestCollector$PluginDependenciesSpecImplCustomizer> (0x00000000858a5820) thrown at [./src/hotspot/share/classfile/systemDictionary.cpp, line 231]
Event: 7.095 Thread 0x000001f2fe084800 Exception <a 'java/lang/ClassNotFoundException'{0x0000000085705db8}: org/gradle/plugin/use/internal/PluginRequestCollector$PluginDependencySpecImplBeanInfo> (0x0000000085705db8) thrown at [./src/hotspot/share/classfile/systemDictionary.cpp, line 231]
Event: 7.096 Thread 0x000001f2fe084800 Exception <a 'java/lang/ClassNotFoundException'{0x0000000085733f18}: org/gradle/plugin/use/internal/PluginRequestCollector$PluginDependencySpecImplCustomizer> (0x0000000085733f18) thrown at [./src/hotspot/share/classfile/systemDictionary.cpp, line 231]
Event: 7.361 Thread 0x000001f2fe084800 Exception <a 'java/lang/NoSuchMethodError'{0x000000008430a4c8}: 'int java.lang.invoke.DirectMethodHandle$Holder.invokeInterface(java.lang.Object, java.lang.Object)'> (0x000000008430a4c8) thrown at [./src/hotspot/share/interpreter/linkResolver.cpp, line 773]
Event: 7.361 Thread 0x000001f2fe084800 Exception <a 'java/lang/IncompatibleClassChangeError'{0x000000008430dfa8}: Found class java.lang.Object, but interface was expected> (0x000000008430dfa8) thrown at [./src/hotspot/share/interpreter/linkResolver.cpp, line 839]
Event: 7.504 Thread 0x000001f2fe084800 Exception <a 'java/lang/NoSuchMethodError'{0x0000000087a48fb8}: 'int java.lang.invoke.DirectMethodHandle$Holder.invokeStaticInit(java.lang.Object)'> (0x0000000087a48fb8) thrown at [./src/hotspot/share/interpreter/linkResolver.cpp, line 773]
Event: 7.556 Thread 0x000001f2fe084800 Exception <a 'java/lang/NoSuchMethodError'{0x0000000087713b30}: 'void java.lang.invoke.DirectMethodHandle$Holder.invokeStatic(java.lang.Object, java.lang.Object, java.lang.Object, int, java.lang.Object)'> (0x0000000087713b30) thrown at [./src/hotspot/share/interpreter/linkResolver.cpp, line 773]
Event: 7.622 Thread 0x000001f2fe084800 Exception <a 'java/lang/NoSuchMethodError'{0x00000000874fc858}: 'java.lang.Object java.lang.invoke.DelegatingMethodHandle$Holder.reinvoke_L(java.lang.Object, java.lang.Object, java.lang.Object, java.lang.Object, java.lang.Object, java.lang.Object, java.lang.Object, java.lang.Object, java.lang.Object, java.lang.Object, java.lang.Object, java.lang.Object, java.lang.Object, java.lang.Object, java.lang.Object, java.lang.Object, java.lang.Object, java.lang.Object, java.lang.Object, java.lang.Object)'> (0x000000
Event: 7.622 Thread 0x000001f2fe084800 Exception <a 'java/lang/NoSuchMethodError'{0x0000000087308f28}: 'java.lang.Object java.lang.invoke.DirectMethodHandle$Holder.invokeSpecial(java.lang.Object, java.lang.Object, java.lang.Object, java.lang.Object, java.lang.Object, java.lang.Object, java.lang.Object, java.lang.Object, java.lang.Object, java.lang.Object, java.lang.Object, java.lang.Object, java.lang.Object, java.lang.Object, java.lang.Object, java.lang.Object, java.lang.Object, java.lang.Object, java.lang.Object, java.lang.Object)'> (0x0000000
Event: 7.623 Thread 0x000001f2fe084800 Exception <a 'java/lang/NoSuchMethodError'{0x000000008730ee68}: 'java.lang.Object java.lang.invoke.Invokers$Holder.invoker(java.lang.Object, java.lang.Object, java.lang.Object, java.lang.Object, java.lang.Object, java.lang.Object, java.lang.Object, java.lang.Object, java.lang.Object, java.lang.Object, java.lang.Object, java.lang.Object, java.lang.Object, java.lang.Object, java.lang.Object, java.lang.Object, java.lang.Object, java.lang.Object, java.lang.Object, java.lang.Object)'> (0x000000008730ee68) throw
Event: 7.623 Thread 0x000001f2fe084800 Exception <a 'java/lang/NoSuchMethodError'{0x0000000087315f78}: 'java.lang.Object java.lang.invoke.DelegatingMethodHandle$Holder.delegate(java.lang.Object, java.lang.Object, java.lang.Object, java.lang.Object, java.lang.Object, java.lang.Object, java.lang.Object, java.lang.Object, java.lang.Object, java.lang.Object, java.lang.Object, java.lang.Object, java.lang.Object, java.lang.Object, java.lang.Object, java.lang.Object, java.lang.Object, java.lang.Object, java.lang.Object, java.lang.Object)'> (0x00000000
Event: 7.629 Thread 0x000001f2fe084800 Exception <a 'java/lang/NoSuchMethodError'{0x000000008735d728}: 'java.lang.Object java.lang.invoke.DirectMethodHandle$Holder.invokeStatic(java.lang.Object, java.lang.Object, java.lang.Object, java.lang.Object, java.lang.Object, java.lang.Object, java.lang.Object, java.lang.Object, java.lang.Object, java.lang.Object, java.lang.Object, java.lang.Object, java.lang.Object, java.lang.Object, java.lang.Object)'> (0x000000008735d728) thrown at [./src/hotspot/share/interpreter/linkResolver.cpp, line 773]
Event: 7.631 Thread 0x000001f2fe084800 Exception <a 'java/lang/NoSuchMethodError'{0x000000008736dbd0}: 'java.lang.Object java.lang.invoke.DirectMethodHandle$Holder.invokeStatic(java.lang.Object, java.lang.Object, java.lang.Object, java.lang.Object, java.lang.Object, java.lang.Object, java.lang.Object, java.lang.Object, java.lang.Object, java.lang.Object, java.lang.Object, java.lang.Object, java.lang.Object, java.lang.Object, java.lang.Object, java.lang.Object)'> (0x000000008736dbd0) thrown at [./src/hotspot/share/interpreter/linkResolver.cpp, l
Event: 7.632 Thread 0x000001f2fe084800 Exception <a 'java/lang/NoSuchMethodError'{0x000000008737de00}: 'java.lang.Object java.lang.invoke.DelegatingMethodHandle$Holder.reinvoke_L(java.lang.Object, java.lang.Object, java.lang.Object, java.lang.Object, java.lang.Object, java.lang.Object, java.lang.Object, java.lang.Object, java.lang.Object, java.lang.Object, java.lang.Object, java.lang.Object, java.lang.Object, java.lang.Object, java.lang.Object, java.lang.Object, java.lang.Object, java.lang.Object, java.lang.Object)'> (0x000000008737de00) thrown
Event: 9.120 Thread 0x000001f2fe084800 Exception <a 'java/lang/ClassNotFoundException'{0x0000000084222930}: build_2iwkpgomu9zewts2qcojtrfu4BeanInfo> (0x0000000084222930) thrown at [./src/hotspot/share/classfile/systemDictionary.cpp, line 231]
Event: 9.120 Thread 0x000001f2fe084800 Exception <a 'java/lang/ClassNotFoundException'{0x000000008422ddd8}: build_2iwkpgomu9zewts2qcojtrfu4Customizer> (0x000000008422ddd8) thrown at [./src/hotspot/share/classfile/systemDictionary.cpp, line 231]

Events (20 events):
Event: 9.119 loading class build_2iwkpgomu9zewts2qcojtrfu4BeanInfo done
Event: 9.120 loading class build_2iwkpgomu9zewts2qcojtrfu4Customizer
Event: 9.120 loading class build_2iwkpgomu9zewts2qcojtrfu4Customizer done
Event: 9.120 loading class build_2iwkpgomu9zewts2qcojtrfu4Customizer
Event: 9.120 loading class build_2iwkpgomu9zewts2qcojtrfu4Customizer done
Event: 9.121 loading class org/gradle/api/tasks/Delete
Event: 9.121 loading class org/gradle/api/tasks/Delete done
Event: 9.121 loading class org/gradle/api/tasks/Delete
Event: 9.121 loading class org/gradle/api/tasks/Delete done
Event: 9.123 loading class groovy/runtime/metaclass/build_2iwkpgomu9zewts2qcojtrfu4$_run_closure1MetaClass
Event: 9.123 loading class groovy/runtime/metaclass/build_2iwkpgomu9zewts2qcojtrfu4$_run_closure1MetaClass done
Event: 9.123 loading class groovy/runtime/metaclass/org/gradle/api/internal/project/DefaultProject_DecoratedMetaClass
Event: 9.123 loading class groovy/runtime/metaclass/org/gradle/api/internal/project/DefaultProject_DecoratedMetaClass done
Event: 9.128 loading class org/gradle/api/internal/project/DefaultProject_DecoratedBeanInfo
Event: 9.128 loading class org/gradle/api/internal/project/DefaultProject_DecoratedBeanInfo done
Event: 9.128 loading class org/gradle/api/internal/project/DefaultProject_DecoratedBeanInfo
Event: 9.128 loading class org/gradle/api/internal/project/DefaultProject_DecoratedBeanInfo done
Event: 9.128 loading class org/gradle/api/internal/project/DefaultProject_DecoratedBeanInfo
Event: 9.128 loading class org/gradle/api/internal/project/DefaultProject_DecoratedBeanInfo done
Event: 9.156 Executing VM operation: G1CollectForAllocation


Dynamic libraries:
0x00007ff77e240000 - 0x00007ff77e24a000 	C:\Program Files\Android\Android Studio\jre\bin\java.exe
0x00007ffb83150000 - 0x00007ffb83348000 	C:\Windows\SYSTEM32\ntdll.dll
0x00007ffb83050000 - 0x00007ffb8310d000 	C:\Windows\System32\KERNEL32.DLL
0x00007ffb80bb0000 - 0x00007ffb80e7f000 	C:\Windows\System32\KERNELBASE.dll
0x00007ffb80870000 - 0x00007ffb80970000 	C:\Windows\System32\ucrtbase.dll
0x00007ffb5f320000 - 0x00007ffb5f337000 	C:\Program Files\Android\Android Studio\jre\bin\VCRUNTIME140.dll
0x00007ffb68050000 - 0x00007ffb68069000 	C:\Program Files\Android\Android Studio\jre\bin\jli.dll
0x00007ffb82400000 - 0x00007ffb825a0000 	C:\Windows\System32\USER32.dll
0x00007ffb80f20000 - 0x00007ffb80f42000 	C:\Windows\System32\win32u.dll
0x00007ffb66140000 - 0x00007ffb663da000 	C:\Windows\WinSxS\amd64_microsoft.windows.common-controls_6595b64144ccf1df_6.0.19041.1110_none_60b5254171f9507e\COMCTL32.dll
0x00007ffb82750000 - 0x00007ffb8277a000 	C:\Windows\System32\GDI32.dll
0x00007ffb826b0000 - 0x00007ffb8274e000 	C:\Windows\System32\msvcrt.dll
0x00007ffb81030000 - 0x00007ffb8113b000 	C:\Windows\System32\gdi32full.dll
0x00007ffb80e80000 - 0x00007ffb80f1d000 	C:\Windows\System32\msvcp_win.dll
0x00007ffb82780000 - 0x00007ffb827b0000 	C:\Windows\System32\IMM32.DLL
0x00007ffb5c8d0000 - 0x00007ffb5c96d000 	C:\Program Files\Android\Android Studio\jre\bin\msvcp140.dll
0x00007ffb3f1d0000 - 0x00007ffb3fcb5000 	C:\Program Files\Android\Android Studio\jre\bin\server\jvm.dll
0x00007ffb82350000 - 0x00007ffb823fe000 	C:\Windows\System32\ADVAPI32.dll
0x00007ffb812a0000 - 0x00007ffb8133c000 	C:\Windows\System32\sechost.dll
0x00007ffb82840000 - 0x00007ffb82965000 	C:\Windows\System32\RPCRT4.dll
0x00007ffb82cb0000 - 0x00007ffb82cb8000 	C:\Windows\System32\PSAPI.DLL
0x00007ffb7ddd0000 - 0x00007ffb7ddd9000 	C:\Windows\SYSTEM32\WSOCK32.dll
0x00007ffb64b10000 - 0x00007ffb64b37000 	C:\Windows\SYSTEM32\WINMM.dll
0x00007ffb827b0000 - 0x00007ffb8281b000 	C:\Windows\System32\WS2_32.dll
0x00007ffb79ff0000 - 0x00007ffb79ffa000 	C:\Windows\SYSTEM32\VERSION.dll
0x00007ffb7e750000 - 0x00007ffb7e762000 	C:\Windows\SYSTEM32\kernel.appcore.dll
0x00007ffb785e0000 - 0x00007ffb785f1000 	C:\Program Files\Android\Android Studio\jre\bin\verify.dll
0x00007ffb69170000 - 0x00007ffb69354000 	C:\Windows\SYSTEM32\DBGHELP.DLL
0x00007ffb68eb0000 - 0x00007ffb68edc000 	C:\Windows\SYSTEM32\dbgcore.DLL
0x00007ffb80f50000 - 0x00007ffb80fd2000 	C:\Windows\System32\bcryptPrimitives.dll
0x00007ffb785b0000 - 0x00007ffb785d9000 	C:\Program Files\Android\Android Studio\jre\bin\java.dll
0x00007ffb7b360000 - 0x00007ffb7b36b000 	C:\Program Files\Android\Android Studio\jre\bin\jimage.dll
0x00007ffb634d0000 - 0x00007ffb634e8000 	C:\Program Files\Android\Android Studio\jre\bin\zip.dll
0x00007ffb81340000 - 0x00007ffb81a84000 	C:\Windows\System32\SHELL32.dll
0x00007ffb7e950000 - 0x00007ffb7f0e4000 	C:\Windows\SYSTEM32\windows.storage.dll
0x00007ffb81aa0000 - 0x00007ffb81df4000 	C:\Windows\System32\combase.dll
0x00007ffb801f0000 - 0x00007ffb80220000 	C:\Windows\SYSTEM32\Wldp.dll
0x00007ffb82fa0000 - 0x00007ffb8304d000 	C:\Windows\System32\SHCORE.dll
0x00007ffb82c40000 - 0x00007ffb82c95000 	C:\Windows\System32\shlwapi.dll
0x00007ffb807b0000 - 0x00007ffb807cf000 	C:\Windows\SYSTEM32\profapi.dll
0x00007ffb5f500000 - 0x00007ffb5f51a000 	C:\Program Files\Android\Android Studio\jre\bin\net.dll
0x00007ffb79ac0000 - 0x00007ffb79bca000 	C:\Windows\SYSTEM32\WINHTTP.dll
0x00007ffb7ffd0000 - 0x00007ffb8003a000 	C:\Windows\system32\mswsock.dll
0x00007ffb5e800000 - 0x00007ffb5e814000 	C:\Program Files\Android\Android Studio\jre\bin\nio.dll
0x00007ffb5afe0000 - 0x00007ffb5b007000 	C:\Users\Turonbank\.gradle\native\e1d6ef7f7dcc3fd88c89a11ec53ec762bb8ba0a96d01ffa2cd45eb1d1d8dd5c5\windows-amd64\native-platform.dll
0x00007ffb5c470000 - 0x00007ffb5c5b4000 	C:\Users\Turonbank\.gradle\native\5664cfc778a61ccfe75a443a1ab52a65af34e5dc3c78e0209fed803814484fcb\windows-amd64\native-platform-file-events.dll
0x00007ffb7b000000 - 0x00007ffb7b00a000 	C:\Program Files\Android\Android Studio\jre\bin\management.dll
0x00007ffb7af90000 - 0x00007ffb7af9d000 	C:\Program Files\Android\Android Studio\jre\bin\management_ext.dll
0x00007ffb80230000 - 0x00007ffb80248000 	C:\Windows\SYSTEM32\CRYPTSP.dll
0x00007ffb7f900000 - 0x00007ffb7f934000 	C:\Windows\system32\rsaenh.dll
0x00007ffb80b80000 - 0x00007ffb80ba7000 	C:\Windows\System32\bcrypt.dll
0x00007ffb80730000 - 0x00007ffb8075e000 	C:\Windows\SYSTEM32\USERENV.dll
0x00007ffb80160000 - 0x00007ffb8016c000 	C:\Windows\SYSTEM32\CRYPTBASE.dll
0x00007ffb7fc90000 - 0x00007ffb7fccb000 	C:\Windows\SYSTEM32\IPHLPAPI.DLL
0x00007ffb81a90000 - 0x00007ffb81a98000 	C:\Windows\System32\NSI.dll
0x00007ffb794c0000 - 0x00007ffb794d7000 	C:\Windows\SYSTEM32\dhcpcsvc6.DLL
0x00007ffb794a0000 - 0x00007ffb794bd000 	C:\Windows\SYSTEM32\dhcpcsvc.DLL
0x00007ffb7fce0000 - 0x00007ffb7fdaa000 	C:\Windows\SYSTEM32\DNSAPI.dll

dbghelp: loaded successfully - version: 4.0.5 - missing functions: none
symbol engine: initialized successfully - sym options: 0x614 - pdb path: .;C:\Program Files\Android\Android Studio\jre\bin;C:\Windows\SYSTEM32;C:\Windows\WinSxS\amd64_microsoft.windows.common-controls_6595b64144ccf1df_6.0.19041.1110_none_60b5254171f9507e;C:\Program Files\Android\Android Studio\jre\bin\server;C:\Users\Turonbank\.gradle\native\e1d6ef7f7dcc3fd88c89a11ec53ec762bb8ba0a96d01ffa2cd45eb1d1d8dd5c5\windows-amd64;C:\Users\Turonbank\.gradle\native\5664cfc778a61ccfe75a443a1ab52a65af34e5dc3c78e0209fed803814484fcb\windows-amd64

VM Arguments:
jvm_args: --add-opens=java.base/java.util=ALL-UNNAMED --add-opens=java.base/java.lang=ALL-UNNAMED --add-opens=java.base/java.lang.invoke=ALL-UNNAMED --add-opens=java.base/java.util=ALL-UNNAMED --add-opens=java.prefs/java.util.prefs=ALL-UNNAMED --add-opens=java.prefs/java.util.prefs=ALL-UNNAMED --add-opens=java.base/java.nio.charset=ALL-UNNAMED --add-opens=java.base/java.net=ALL-UNNAMED --add-opens=java.base/java.util.concurrent.atomic=ALL-UNNAMED -Xmx2048m -Dfile.encoding=UTF-8 -Duser.country=RU -Duser.language=ru -Duser.variant 
java_command: org.gradle.launcher.daemon.bootstrap.GradleDaemon 7.3.3
java_class_path (initial): C:\Users\Turonbank\.gradle\wrapper\dists\gradle-7.3.3-bin\6a41zxkdtcxs8rphpq6y0069z\gradle-7.3.3\lib\gradle-launcher-7.3.3.jar
Launcher Type: SUN_STANDARD

[Global flags]
     intx CICompilerCount                          = 4                                         {product} {ergonomic}
     uint ConcGCThreads                            = 2                                         {product} {ergonomic}
     uint G1ConcRefinementThreads                  = 8                                         {product} {ergonomic}
   size_t G1HeapRegionSize                         = 1048576                                   {product} {ergonomic}
    uintx GCDrainStackTargetSize                   = 64                                        {product} {ergonomic}
   size_t InitialHeapSize                          = 134217728                                 {product} {ergonomic}
   size_t MarkStackSize                            = 4194304                                   {product} {ergonomic}
   size_t MaxHeapSize                              = 2147483648                                {product} {command line}
   size_t MaxNewSize                               = 1287651328                                {product} {ergonomic}
   size_t MinHeapDeltaBytes                        = 1048576                                   {product} {ergonomic}
    uintx NonNMethodCodeHeapSize                   = 5836300                                {pd product} {ergonomic}
    uintx NonProfiledCodeHeapSize                  = 122910970                              {pd product} {ergonomic}
    uintx ProfiledCodeHeapSize                     = 122910970                              {pd product} {ergonomic}
    uintx ReservedCodeCacheSize                    = 251658240                              {pd product} {ergonomic}
     bool SegmentedCodeCache                       = true                                      {product} {ergonomic}
     bool UseCompressedClassPointers               = true                                 {lp64_product} {ergonomic}
     bool UseCompressedOops                        = true                                 {lp64_product} {ergonomic}
     bool UseG1GC                                  = true                                      {product} {ergonomic}
     bool UseLargePagesIndividualAllocation        = false                                  {pd product} {ergonomic}

Logging:
Log output configuration:
 #0: stdout all=warning uptime,level,tags
 #1: stderr all=off uptime,level,tags

Environment Variables:
PATH=C:\Program Files\Common Files\Oracle\Java\javapath;C:\Program Files (x86)\Common Files\Oracle\Java\javapath;C:\Windows\system32;C:\Windows;C:\Windows\System32\Wbem;C:\Windows\System32\WindowsPowerShell\v1.0\;C:\Windows\System32\OpenSSH\;C:\Users\Turonbank\AppData\Local\Microsoft\WindowsApps;C:\Users\Turonbank\AppData\Local\Programs\Git\cmd
USERNAME=Turonbank
OS=Windows_NT
PROCESSOR_IDENTIFIER=Intel64 Family 6 Model 165 Stepping 3, GenuineIntel



---------------  S Y S T E M  ---------------

OS: Windows 10 , 64 bit Build 19041 (10.0.19041.1865)
OS uptime: 0 days 4:42 hours
Hyper-V role detected

CPU:total 8 (initial active 8) (4 cores per cpu, 2 threads per core) family 6 model 165 stepping 3 microcode 0xcc, cmov, cx8, fxsr, mmx, sse, sse2, sse3, ssse3, sse4.1, sse4.2, popcnt, avx, avx2, aes, clmul, erms, 3dnowpref, lzcnt, ht, tsc, tscinvbit, bmi1, bmi2, adx, fma

Memory: 4k page, system-wide physical 8085M (82M free)
TotalPageFile size 10133M (AvailPageFile size 1M)
current process WorkingSet (physical memory assigned to process): 298M, peak: 298M
current process commit charge ("private bytes"): 349M, peak: 375M

vm_info: OpenJDK 64-Bit Server VM (11.0.12+7-b1504.28-7817840) for windows-amd64 JRE (11.0.12+7-b1504.28-7817840), built on Oct 13 2021 22:12:33 by "builder" with MS VC++ 14.0 (VS2015)

END.
